2018-07-12 16:00:53.425  [http-nio-8091-exec-1] DEBUG [com.mooc.house.biz.mapper.AgencyMapper.select:] http-nio-8091-exec-1cid - ==>  Preparing: select id , name, address, phone, email, about_us, mobile, web_site from agency 
2018-07-12 16:00:53.426  [http-nio-8091-exec-1] DEBUG [com.mooc.house.biz.mapper.AgencyMapper.select:] http-nio-8091-exec-1cid - ==> Parameters: 
2018-07-12 16:00:53.428  [http-nio-8091-exec-1] DEBUG [com.mooc.house.biz.mapper.AgencyMapper.select:] http-nio-8091-exec-1cid - <==      Total: 5
2018-07-12 16:02:59.347  [http-nio-8091-exec-1] DEBUG [com.mooc.house.biz.mapper.userMapper.insert:] http-nio-8091-exec-1cid - ==>  Preparing: insert into user ( name, phone, email, aboutme, passwd, avatar, type, create_time, enable ) values( ?, ?, ?, ?, ?, ?, ?, ?, ? ) 
2018-07-12 16:02:59.349  [http-nio-8091-exec-1] DEBUG [com.mooc.house.biz.mapper.userMapper.insert:] http-nio-8091-exec-1cid - ==> Parameters: 我的免费隧道(String), 18225252123(String), 18225252123@163.cn(String), 123456(String), 9774f20408063cc19ac79e8afff1b59e(String), (String), 1(Integer), 2018-07-12 16:02:59.346(Timestamp), 0(Integer)
2018-07-12 16:02:59.351  [http-nio-8091-exec-1] DEBUG [com.mooc.house.biz.mapper.userMapper.insert:] http-nio-8091-exec-1cid - <==    Updates: 1
2018-07-12 16:23:46.485  [http-nio-8091-exec-2] DEBUG [com.mooc.house.biz.mapper.HouseMapper.selectPageHouses:] http-nio-8091-exec-2cid - ==>  Preparing: select a.id, a.type, a.name, a.price, a.images, a.area, a.beds, a.baths, a.rating, a.remarks, a.properties, a.floor_plan, a.tags, a.create_time, a.city_id, a.community_id, a.address, a.state from house a WHERE state = 1 order by a.create_time desc limit ?,? 
2018-07-12 16:23:46.506  [http-nio-8091-exec-2] DEBUG [com.mooc.house.biz.mapper.HouseMapper.selectPageHouses:] http-nio-8091-exec-2cid - ==> Parameters: 0(Integer), 8(Integer)
2018-07-12 16:23:46.532  [http-nio-8091-exec-2] DEBUG [com.mooc.house.biz.mapper.HouseMapper.selectPageHouses:] http-nio-8091-exec-2cid - <==      Total: 8
2018-07-12 16:23:48.854  [http-nio-8091-exec-7] DEBUG [com.mooc.house.biz.mapper.AgencyMapper.select:] http-nio-8091-exec-7cid - ==>  Preparing: select id , name, address, phone, email, about_us, mobile, web_site from agency 
2018-07-12 16:23:48.855  [http-nio-8091-exec-7] DEBUG [com.mooc.house.biz.mapper.AgencyMapper.select:] http-nio-8091-exec-7cid - ==> Parameters: 
2018-07-12 16:23:48.857  [http-nio-8091-exec-7] DEBUG [com.mooc.house.biz.mapper.AgencyMapper.select:] http-nio-8091-exec-7cid - <==      Total: 5
2018-07-12 16:25:58.329  [http-nio-8091-exec-1] DEBUG [com.mooc.house.biz.mapper.userMapper.insert:] http-nio-8091-exec-1cid - ==>  Preparing: insert into user ( name, phone, email, aboutme, passwd, avatar, type, create_time, enable ) values( ?, ?, ?, ?, ?, ?, ?, ?, ? ) 
2018-07-12 16:25:58.335  [http-nio-8091-exec-1] DEBUG [com.mooc.house.biz.mapper.userMapper.insert:] http-nio-8091-exec-1cid - ==> Parameters: 我的免费隧道(String), 18225252123(String), 18225252123@163.cn(String), 123456(String), 9774f20408063cc19ac79e8afff1b59e(String), /1531383864/20170613143131394pw22.jpg(String), 1(Integer), 2018-07-12 16:25:45.889(Timestamp), 0(Integer)
2018-07-12 16:25:58.335  [http-nio-8091-exec-1] DEBUG [com.mooc.house.biz.mapper.userMapper.insert:] http-nio-8091-exec-1cid - <==    Updates: 1
2018-07-12 16:50:04.607  [http-nio-8091-exec-2] DEBUG [com.mooc.house.biz.mapper.HouseMapper.selectPageHouses:] http-nio-8091-exec-2cid - ==>  Preparing: select a.id, a.type, a.name, a.price, a.images, a.area, a.beds, a.baths, a.rating, a.remarks, a.properties, a.floor_plan, a.tags, a.create_time, a.city_id, a.community_id, a.address, a.state from house a WHERE state = 1 order by a.create_time desc limit ?,? 
2018-07-12 16:50:04.632  [http-nio-8091-exec-2] DEBUG [com.mooc.house.biz.mapper.HouseMapper.selectPageHouses:] http-nio-8091-exec-2cid - ==> Parameters: 0(Integer), 8(Integer)
2018-07-12 16:50:04.659  [http-nio-8091-exec-2] DEBUG [com.mooc.house.biz.mapper.HouseMapper.selectPageHouses:] http-nio-8091-exec-2cid - <==      Total: 8
2018-07-12 16:50:14.723  [http-nio-8091-exec-8] DEBUG [com.mooc.house.biz.mapper.AgencyMapper.select:] http-nio-8091-exec-8cid - ==>  Preparing: select id , name, address, phone, email, about_us, mobile, web_site from agency 
2018-07-12 16:50:14.723  [http-nio-8091-exec-8] DEBUG [com.mooc.house.biz.mapper.AgencyMapper.select:] http-nio-8091-exec-8cid - ==> Parameters: 
2018-07-12 16:50:14.725  [http-nio-8091-exec-8] DEBUG [com.mooc.house.biz.mapper.AgencyMapper.select:] http-nio-8091-exec-8cid - <==      Total: 5
2018-07-12 16:52:15.811  [http-nio-8091-exec-3] DEBUG [com.mooc.house.biz.mapper.userMapper.insert:] http-nio-8091-exec-3cid - ==>  Preparing: insert into user ( name, phone, email, aboutme, passwd, avatar, type, create_time, enable ) values( ?, ?, ?, ?, ?, ?, ?, ?, ? ) 
2018-07-12 16:52:15.837  [http-nio-8091-exec-3] DEBUG [com.mooc.house.biz.mapper.userMapper.insert:] http-nio-8091-exec-3cid - ==> Parameters: 域逸诚(String), 18225529115(String), 2317774857@qq.com(String), 域逸诚(String), 9774f20408063cc19ac79e8afff1b59e(String), /1531385535/20170612154645261bles.jpg(String), 1(Integer), 2018-07-12 16:52:15.79(Timestamp), 0(Integer)
2018-07-12 16:52:15.839  [http-nio-8091-exec-3] DEBUG [com.mooc.house.biz.mapper.userMapper.insert:] http-nio-8091-exec-3cid - <==    Updates: 1
2018-07-12 16:56:41.240  [http-nio-8091-exec-8] DEBUG [com.mooc.house.biz.mapper.userMapper.selectUsersByQuery:] http-nio-8091-exec-8cid - ==>  Preparing: select * from user WHERE email = ? and passwd = ? and enable = ? 
2018-07-12 16:56:41.242  [http-nio-8091-exec-8] DEBUG [com.mooc.house.biz.mapper.userMapper.selectUsersByQuery:] http-nio-8091-exec-8cid - ==> Parameters: spring_boot7@163.com(String), 75fb23b165249cedeb60544c4095ec99(String), 1(Integer)
2018-07-12 16:56:41.247  [http-nio-8091-exec-8] DEBUG [com.mooc.house.biz.mapper.userMapper.selectUsersByQuery:] http-nio-8091-exec-8cid - <==      Total: 1
2018-07-12 16:56:41.257  [http-nio-8091-exec-9] DEBUG [com.mooc.house.biz.mapper.HouseMapper.selectPageHouses:] http-nio-8091-exec-9cid - ==>  Preparing: select a.id, a.type, a.name, a.price, a.images, a.area, a.beds, a.baths, a.rating, a.remarks, a.properties, a.floor_plan, a.tags, a.create_time, a.city_id, a.community_id, a.address, a.state from house a WHERE state = 1 order by a.create_time desc limit ?,? 
2018-07-12 16:56:41.257  [http-nio-8091-exec-9] DEBUG [com.mooc.house.biz.mapper.HouseMapper.selectPageHouses:] http-nio-8091-exec-9cid - ==> Parameters: 0(Integer), 8(Integer)
2018-07-12 16:56:41.265  [http-nio-8091-exec-9] DEBUG [com.mooc.house.biz.mapper.HouseMapper.selectPageHouses:] http-nio-8091-exec-9cid - <==      Total: 8
2018-07-12 16:56:54.425  [http-nio-8091-exec-1] DEBUG [com.mooc.house.biz.mapper.HouseMapper.selectPageHouses:] http-nio-8091-exec-1cid - ==>  Preparing: select a.id, a.type, a.name, a.price, a.images, a.area, a.beds, a.baths, a.rating, a.remarks, a.properties, a.floor_plan, a.tags, a.create_time, a.city_id, a.community_id, a.address, a.state from house a WHERE state = 1 order by a.create_time desc limit ?,? 
2018-07-12 16:56:54.426  [http-nio-8091-exec-1] DEBUG [com.mooc.house.biz.mapper.HouseMapper.selectPageHouses:] http-nio-8091-exec-1cid - ==> Parameters: 0(Integer), 8(Integer)
2018-07-12 16:56:54.428  [http-nio-8091-exec-1] DEBUG [com.mooc.house.biz.mapper.HouseMapper.selectPageHouses:] http-nio-8091-exec-1cid - <==      Total: 8
