2018-07-15 22:02:28.799  [http-nio-8091-exec-4] DEBUG [com.mooc.house.biz.mapper.HouseMapper.selectCommunity:] http-nio-8091-exec-4cid - ==>  Preparing: select * from community WHERE name = ? 
2018-07-15 22:02:28.818  [http-nio-8091-exec-4] DEBUG [com.mooc.house.biz.mapper.HouseMapper.selectCommunity:] http-nio-8091-exec-4cid - ==> Parameters:  万柳书苑(String)
2018-07-15 22:02:28.826  [http-nio-8091-exec-4] DEBUG [com.mooc.house.biz.mapper.HouseMapper.selectCommunity:] http-nio-8091-exec-4cid - <==      Total: 0
2018-07-15 22:02:28.838  [http-nio-8091-exec-4] DEBUG [com.mooc.house.biz.mapper.HouseMapper.selectPageHouses:] http-nio-8091-exec-4cid - ==>  Preparing: select a.id, a.type, a.name, a.price, a.images, a.area, a.beds, a.baths, a.rating, a.remarks, a.properties, a.floor_plan, a.tags, a.create_time, a.city_id, a.community_id, a.address, a.state from house a WHERE state = 1 and a.type = ? and a.name like ? order by a.price desc limit ?,? 
2018-07-15 22:02:28.839  [http-nio-8091-exec-4] DEBUG [com.mooc.house.biz.mapper.HouseMapper.selectPageHouses:] http-nio-8091-exec-4cid - ==> Parameters: 1(Integer), % 万柳书苑%(String), 0(Integer), 5(Integer)
2018-07-15 22:02:28.842  [http-nio-8091-exec-4] DEBUG [com.mooc.house.biz.mapper.HouseMapper.selectPageHouses:] http-nio-8091-exec-4cid - <==      Total: 0
2018-07-15 22:02:28.843  [http-nio-8091-exec-4] DEBUG [com.mooc.house.biz.mapper.HouseMapper.selectPageCount:] http-nio-8091-exec-4cid - ==>  Preparing: select count(id) from house a WHERE state = 1 and a.type = ? and a.name like ? 
2018-07-15 22:02:28.843  [http-nio-8091-exec-4] DEBUG [com.mooc.house.biz.mapper.HouseMapper.selectPageCount:] http-nio-8091-exec-4cid - ==> Parameters: 1(Integer), % 万柳书苑%(String)
2018-07-15 22:02:28.845  [http-nio-8091-exec-4] DEBUG [com.mooc.house.biz.mapper.HouseMapper.selectPageCount:] http-nio-8091-exec-4cid - <==      Total: 1
2018-07-15 22:02:34.520  [http-nio-8091-exec-8] DEBUG [com.mooc.house.biz.mapper.HouseMapper.selectCommunity:] http-nio-8091-exec-8cid - ==>  Preparing: select * from community WHERE name = ? 
2018-07-15 22:02:34.521  [http-nio-8091-exec-8] DEBUG [com.mooc.house.biz.mapper.HouseMapper.selectCommunity:] http-nio-8091-exec-8cid - ==> Parameters:  万柳书苑(String)
2018-07-15 22:02:34.523  [http-nio-8091-exec-8] DEBUG [com.mooc.house.biz.mapper.HouseMapper.selectCommunity:] http-nio-8091-exec-8cid - <==      Total: 0
2018-07-15 22:02:34.524  [http-nio-8091-exec-8] DEBUG [com.mooc.house.biz.mapper.HouseMapper.selectPageHouses:] http-nio-8091-exec-8cid - ==>  Preparing: select a.id, a.type, a.name, a.price, a.images, a.area, a.beds, a.baths, a.rating, a.remarks, a.properties, a.floor_plan, a.tags, a.create_time, a.city_id, a.community_id, a.address, a.state from house a WHERE state = 1 and a.type = ? and a.name like ? order by a.price desc limit ?,? 
2018-07-15 22:02:34.526  [http-nio-8091-exec-8] DEBUG [com.mooc.house.biz.mapper.HouseMapper.selectPageHouses:] http-nio-8091-exec-8cid - ==> Parameters: 1(Integer), % 万柳书苑%(String), 0(Integer), 5(Integer)
2018-07-15 22:02:34.528  [http-nio-8091-exec-8] DEBUG [com.mooc.house.biz.mapper.HouseMapper.selectPageHouses:] http-nio-8091-exec-8cid - <==      Total: 0
2018-07-15 22:02:34.529  [http-nio-8091-exec-8] DEBUG [com.mooc.house.biz.mapper.HouseMapper.selectPageCount:] http-nio-8091-exec-8cid - ==>  Preparing: select count(id) from house a WHERE state = 1 and a.type = ? and a.name like ? 
2018-07-15 22:02:34.530  [http-nio-8091-exec-8] DEBUG [com.mooc.house.biz.mapper.HouseMapper.selectPageCount:] http-nio-8091-exec-8cid - ==> Parameters: 1(Integer), % 万柳书苑%(String)
2018-07-15 22:02:34.531  [http-nio-8091-exec-8] DEBUG [com.mooc.house.biz.mapper.HouseMapper.selectPageCount:] http-nio-8091-exec-8cid - <==      Total: 1
2018-07-15 22:02:36.607  [http-nio-8091-exec-6] DEBUG [com.mooc.house.biz.mapper.HouseMapper.selectCommunity:] http-nio-8091-exec-6cid - ==>  Preparing: select * from community WHERE name = ? 
2018-07-15 22:02:36.608  [http-nio-8091-exec-6] DEBUG [com.mooc.house.biz.mapper.HouseMapper.selectCommunity:] http-nio-8091-exec-6cid - ==> Parameters:  万柳书苑(String)
2018-07-15 22:02:36.609  [http-nio-8091-exec-6] DEBUG [com.mooc.house.biz.mapper.HouseMapper.selectCommunity:] http-nio-8091-exec-6cid - <==      Total: 0
2018-07-15 22:02:36.610  [http-nio-8091-exec-6] DEBUG [com.mooc.house.biz.mapper.HouseMapper.selectPageHouses:] http-nio-8091-exec-6cid - ==>  Preparing: select a.id, a.type, a.name, a.price, a.images, a.area, a.beds, a.baths, a.rating, a.remarks, a.properties, a.floor_plan, a.tags, a.create_time, a.city_id, a.community_id, a.address, a.state from house a WHERE state = 1 and a.type = ? and a.name like ? order by a.price desc limit ?,? 
2018-07-15 22:02:36.611  [http-nio-8091-exec-6] DEBUG [com.mooc.house.biz.mapper.HouseMapper.selectPageHouses:] http-nio-8091-exec-6cid - ==> Parameters: 1(Integer), % 万柳书苑%(String), 0(Integer), 5(Integer)
2018-07-15 22:02:36.612  [http-nio-8091-exec-6] DEBUG [com.mooc.house.biz.mapper.HouseMapper.selectPageHouses:] http-nio-8091-exec-6cid - <==      Total: 0
2018-07-15 22:02:36.613  [http-nio-8091-exec-6] DEBUG [com.mooc.house.biz.mapper.HouseMapper.selectPageCount:] http-nio-8091-exec-6cid - ==>  Preparing: select count(id) from house a WHERE state = 1 and a.type = ? and a.name like ? 
2018-07-15 22:02:36.614  [http-nio-8091-exec-6] DEBUG [com.mooc.house.biz.mapper.HouseMapper.selectPageCount:] http-nio-8091-exec-6cid - ==> Parameters: 1(Integer), % 万柳书苑%(String)
2018-07-15 22:02:36.616  [http-nio-8091-exec-6] DEBUG [com.mooc.house.biz.mapper.HouseMapper.selectPageCount:] http-nio-8091-exec-6cid - <==      Total: 1
2018-07-15 22:02:40.169  [http-nio-8091-exec-1] DEBUG [com.mooc.house.biz.mapper.HouseMapper.selectCommunity:] http-nio-8091-exec-1cid - ==>  Preparing: select * from community WHERE name = ? 
2018-07-15 22:02:40.171  [http-nio-8091-exec-1] DEBUG [com.mooc.house.biz.mapper.HouseMapper.selectCommunity:] http-nio-8091-exec-1cid - ==> Parameters:  万柳书苑(String)
2018-07-15 22:02:40.172  [http-nio-8091-exec-1] DEBUG [com.mooc.house.biz.mapper.HouseMapper.selectCommunity:] http-nio-8091-exec-1cid - <==      Total: 0
2018-07-15 22:02:40.174  [http-nio-8091-exec-1] DEBUG [com.mooc.house.biz.mapper.HouseMapper.selectPageHouses:] http-nio-8091-exec-1cid - ==>  Preparing: select a.id, a.type, a.name, a.price, a.images, a.area, a.beds, a.baths, a.rating, a.remarks, a.properties, a.floor_plan, a.tags, a.create_time, a.city_id, a.community_id, a.address, a.state from house a WHERE state = 1 and a.type = ? and a.name like ? order by a.price desc limit ?,? 
2018-07-15 22:02:40.175  [http-nio-8091-exec-1] DEBUG [com.mooc.house.biz.mapper.HouseMapper.selectPageHouses:] http-nio-8091-exec-1cid - ==> Parameters: 1(Integer), % 万柳书苑%(String), 0(Integer), 5(Integer)
2018-07-15 22:02:40.177  [http-nio-8091-exec-1] DEBUG [com.mooc.house.biz.mapper.HouseMapper.selectPageHouses:] http-nio-8091-exec-1cid - <==      Total: 0
2018-07-15 22:02:40.178  [http-nio-8091-exec-1] DEBUG [com.mooc.house.biz.mapper.HouseMapper.selectPageCount:] http-nio-8091-exec-1cid - ==>  Preparing: select count(id) from house a WHERE state = 1 and a.type = ? and a.name like ? 
2018-07-15 22:02:40.178  [http-nio-8091-exec-1] DEBUG [com.mooc.house.biz.mapper.HouseMapper.selectPageCount:] http-nio-8091-exec-1cid - ==> Parameters: 1(Integer), % 万柳书苑%(String)
2018-07-15 22:02:40.180  [http-nio-8091-exec-1] DEBUG [com.mooc.house.biz.mapper.HouseMapper.selectPageCount:] http-nio-8091-exec-1cid - <==      Total: 1
2018-07-15 22:05:27.604  [http-nio-8091-exec-7] DEBUG [com.mooc.house.biz.mapper.HouseMapper.selectCommunity:] http-nio-8091-exec-7cid - ==>  Preparing: select * from community WHERE name = ? 
2018-07-15 22:05:27.604  [http-nio-8091-exec-7] DEBUG [com.mooc.house.biz.mapper.HouseMapper.selectCommunity:] http-nio-8091-exec-7cid - ==> Parameters: 万柳书苑(String)
2018-07-15 22:05:27.606  [http-nio-8091-exec-7] DEBUG [com.mooc.house.biz.mapper.HouseMapper.selectCommunity:] http-nio-8091-exec-7cid - <==      Total: 1
2018-07-15 22:05:27.608  [http-nio-8091-exec-7] DEBUG [com.mooc.house.biz.mapper.HouseMapper.selectPageHouses:] http-nio-8091-exec-7cid - ==>  Preparing: select a.id, a.type, a.name, a.price, a.images, a.area, a.beds, a.baths, a.rating, a.remarks, a.properties, a.floor_plan, a.tags, a.create_time, a.city_id, a.community_id, a.address, a.state from house a WHERE state = 1 and a.type = ? and a.community_id = ? and a.name like ? order by a.price desc limit ?,? 
2018-07-15 22:05:27.610  [http-nio-8091-exec-7] DEBUG [com.mooc.house.biz.mapper.HouseMapper.selectPageHouses:] http-nio-8091-exec-7cid - ==> Parameters: 1(Integer), 2(Integer), %万柳书苑%(String), 0(Integer), 5(Integer)
2018-07-15 22:05:27.614  [http-nio-8091-exec-7] DEBUG [com.mooc.house.biz.mapper.HouseMapper.selectPageHouses:] http-nio-8091-exec-7cid - <==      Total: 1
2018-07-15 22:05:27.616  [http-nio-8091-exec-7] DEBUG [com.mooc.house.biz.mapper.HouseMapper.selectPageCount:] http-nio-8091-exec-7cid - ==>  Preparing: select count(id) from house a WHERE state = 1 and a.type = ? and a.community_id = ? and a.name like ? 
2018-07-15 22:05:27.617  [http-nio-8091-exec-7] DEBUG [com.mooc.house.biz.mapper.HouseMapper.selectPageCount:] http-nio-8091-exec-7cid - ==> Parameters: 1(Integer), 2(Integer), %万柳书苑%(String)
2018-07-15 22:05:27.618  [http-nio-8091-exec-7] DEBUG [com.mooc.house.biz.mapper.HouseMapper.selectPageCount:] http-nio-8091-exec-7cid - <==      Total: 1
2018-07-15 22:21:42.340  [http-nio-8091-exec-1] DEBUG [com.mooc.house.biz.mapper.userMapper.selectUsersByQuery:] http-nio-8091-exec-1cid - ==>  Preparing: select * from user WHERE email = ? and passwd = ? and enable = ? 
2018-07-15 22:21:42.341  [http-nio-8091-exec-1] DEBUG [com.mooc.house.biz.mapper.userMapper.selectUsersByQuery:] http-nio-8091-exec-1cid - ==> Parameters: spring_boot@163.com(String), 9774f20408063cc19ac79e8afff1b59e(String), 1(Integer)
2018-07-15 22:21:42.342  [http-nio-8091-exec-1] DEBUG [com.mooc.house.biz.mapper.userMapper.selectUsersByQuery:] http-nio-8091-exec-1cid - <==      Total: 0
2018-07-15 22:21:49.055  [http-nio-8091-exec-7] DEBUG [com.mooc.house.biz.mapper.userMapper.selectUsersByQuery:] http-nio-8091-exec-7cid - ==>  Preparing: select * from user WHERE email = ? and passwd = ? and enable = ? 
2018-07-15 22:21:49.055  [http-nio-8091-exec-7] DEBUG [com.mooc.house.biz.mapper.userMapper.selectUsersByQuery:] http-nio-8091-exec-7cid - ==> Parameters: spring_boot@163.com(String), 75fb23b165249cedeb60544c4095ec99(String), 1(Integer)
2018-07-15 22:21:49.056  [http-nio-8091-exec-7] DEBUG [com.mooc.house.biz.mapper.userMapper.selectUsersByQuery:] http-nio-8091-exec-7cid - <==      Total: 0
2018-07-15 22:22:00.966  [http-nio-8091-exec-2] DEBUG [com.mooc.house.biz.mapper.userMapper.selectUsersByQuery:] http-nio-8091-exec-2cid - ==>  Preparing: select * from user WHERE email = ? and passwd = ? and enable = ? 
2018-07-15 22:22:00.967  [http-nio-8091-exec-2] DEBUG [com.mooc.house.biz.mapper.userMapper.selectUsersByQuery:] http-nio-8091-exec-2cid - ==> Parameters: 643582433@qq.com(String), 9774f20408063cc19ac79e8afff1b59e(String), 1(Integer)
2018-07-15 22:22:00.970  [http-nio-8091-exec-2] DEBUG [com.mooc.house.biz.mapper.userMapper.selectUsersByQuery:] http-nio-8091-exec-2cid - <==      Total: 1
2018-07-15 22:22:01.110  [http-nio-8091-exec-9] DEBUG [com.mooc.house.biz.mapper.HouseMapper.selectCommunity:] http-nio-8091-exec-9cid - ==>  Preparing: select * from community 
2018-07-15 22:22:01.110  [http-nio-8091-exec-9] DEBUG [com.mooc.house.biz.mapper.HouseMapper.selectCommunity:] http-nio-8091-exec-9cid - ==> Parameters: 
2018-07-15 22:22:01.114  [http-nio-8091-exec-9] DEBUG [com.mooc.house.biz.mapper.HouseMapper.selectCommunity:] http-nio-8091-exec-9cid - <==      Total: 7
2018-07-15 22:23:18.137  [http-nio-8091-exec-8] DEBUG [com.mooc.house.biz.mapper.HouseMapper.selectCommunity:] http-nio-8091-exec-8cid - ==>  Preparing: select * from community 
2018-07-15 22:23:18.137  [http-nio-8091-exec-8] DEBUG [com.mooc.house.biz.mapper.HouseMapper.selectCommunity:] http-nio-8091-exec-8cid - ==> Parameters: 
2018-07-15 22:23:18.140  [http-nio-8091-exec-8] DEBUG [com.mooc.house.biz.mapper.HouseMapper.selectCommunity:] http-nio-8091-exec-8cid - <==      Total: 7
